\BOOKMARK [0][-]{chapter*.2}{\376\377\000I\000n\000t\000r\000o\000d\000u\000c\000t\000i\000o\000n\000\040\000G\000\351\000n\000\351\000r\000a\000l\000e}{}% 1
\BOOKMARK [1][-]{section.0.1}{\376\377\000C\000o\000n\000t\000e\000x\000t\000e\000\040\000S\000t\000r\000a\000t\000\351\000g\000i\000q\000u\000e\000\040\000e\000t\000\040\000N\000\351\000c\000e\000s\000s\000i\000t\000\351\000\040\000d\000u\000\040\000D\000o\000c\000k\000i\000n\000g}{chapter*.2}% 2
\BOOKMARK [1][-]{section.0.2}{\376\377\000\311\000t\000a\000t\000\040\000d\000e\000\040\000l\000'\000A\000r\000t\000\040\000e\000t\000\040\000P\000o\000s\000i\000t\000i\000o\000n\000n\000e\000m\000e\000n\000t\000\040\000d\000u\000\040\000S\000u\000j\000e\000t}{chapter*.2}% 3
\BOOKMARK [1][-]{section.0.3}{\376\377\000A\000n\000n\000o\000n\000c\000e\000\040\000d\000u\000\040\000P\000l\000a\000n}{chapter*.2}% 4
\BOOKMARK [0][-]{chapter.1}{\376\377\000P\000a\000r\000t\000i\000e\000\040\000I\000\040\000:\000\040\000\311\000t\000u\000d\000e\000\040\000T\000h\000\351\000o\000r\000i\000q\000u\000e\000\040\000e\000t\000\040\000A\000l\000g\000o\000r\000i\000t\000h\000m\000i\000q\000u\000e}{}% 5
\BOOKMARK [1][-]{section.1.1}{\376\377\000H\000y\000p\000o\000t\000h\000\350\000s\000e\000s\000\040\000d\000e\000\040\000T\000r\000a\000v\000a\000i\000l\000\040\000e\000t\000\040\000D\000o\000m\000a\000i\000n\000e\000\040\000d\000'\000E\000m\000p\000l\000o\000i}{chapter.1}% 6
\BOOKMARK [1][-]{section.1.2}{\376\377\000M\000o\000d\000\351\000l\000i\000s\000a\000t\000i\000o\000n\000\040\000e\000t\000\040\000L\000o\000i\000\040\000d\000e\000\040\000C\000o\000m\000m\000a\000n\000d\000e}{chapter.1}% 7
\BOOKMARK [2][-]{subsection.1.2.1}{\376\377\000C\000o\000n\000t\000r\000\364\000l\000e\000\040\000e\000n\000\040\000p\000r\000o\000f\000o\000n\000d\000e\000u\000r}{section.1.2}% 8
\BOOKMARK [2][-]{subsection.1.2.2}{\376\377\000M\000o\000d\000\350\000l\000e\000\040\000D\000y\000n\000a\000m\000i\000q\000u\000e\000\040\000d\000u\000\040\000R\000O\000V}{section.1.2}% 9
\BOOKMARK [2][-]{subsection.1.2.3}{\376\377\000S\000y\000n\000t\000h\000\350\000s\000e\000\040\000d\000e\000\040\000l\000a\000\040\000L\000o\000i\000\040\000d\000e\000\040\000C\000o\000m\000m\000a\000n\000d\000e}{section.1.2}% 10
\BOOKMARK [1][-]{section.1.3}{\376\377\000S\000i\000m\000u\000l\000a\000t\000i\000o\000n\000\040\000e\000t\000\040\000V\000a\000l\000i\000d\000a\000t\000i\000o\000n\000\040\000N\000u\000m\000\351\000r\000i\000q\000u\000e}{chapter.1}% 11
\BOOKMARK [2][-]{subsection.1.3.1}{\376\377\000E\000n\000v\000i\000r\000o\000n\000n\000e\000m\000e\000n\000t\000\040\000d\000e\000\040\000S\000i\000m\000u\000l\000a\000t\000i\000o\000n}{section.1.3}% 12
\BOOKMARK [2][-]{subsection.1.3.2}{\376\377\000S\000c\000\351\000n\000a\000r\000i\000o\000s\000\040\000d\000e\000\040\000T\000e\000s\000t\000\040\000e\000t\000\040\000R\000\351\000s\000u\000l\000t\000a\000t\000s}{section.1.3}% 13
\BOOKMARK [1][-]{section.1.4}{\376\377\000A\000l\000g\000o\000r\000i\000t\000h\000m\000e\000\040\000d\000e\000\040\000T\000r\000a\000i\000t\000e\000m\000e\000n\000t\000\040\000d\000'\000I\000m\000a\000g\000e\000\040\000S\000o\000n\000a\000r}{chapter.1}% 14
\BOOKMARK [2][-]{subsection.1.4.1}{\376\377\000C\000h\000o\000i\000x\000\040\000d\000e\000\040\000l\000a\000\040\000c\000a\000g\000e\000\040\000e\000t\000\040\000C\000o\000n\000f\000i\000g\000u\000r\000a\000t\000i\000o\000n\000\040\000d\000e\000s\000\040\000R\000\351\000f\000l\000e\000c\000t\000e\000u\000r\000s}{section.1.4}% 15
\BOOKMARK [2][-]{subsection.1.4.2}{\376\377\000C\000h\000a\000\356\000n\000e\000\040\000d\000e\000\040\000T\000r\000a\000i\000t\000e\000m\000e\000n\000t\000\040\000d\000'\000I\000m\000a\000g\000e}{section.1.4}% 16
\BOOKMARK [2][-]{subsection.1.4.3}{\376\377\000E\000s\000t\000i\000m\000a\000t\000i\000o\000n\000\040\000d\000e\000\040\000l\000a\000\040\000P\000o\000s\000i\000t\000i\000o\000n\000\040\000R\000e\000l\000a\000t\000i\000v\000e}{section.1.4}% 17
\BOOKMARK [1][-]{section.1.5}{\376\377\000R\000\351\000s\000u\000l\000t\000a\000t\000s\000\040\000T\000h\000\351\000o\000r\000i\000q\000u\000e\000s}{chapter.1}% 18
\BOOKMARK [0][-]{chapter.2}{\376\377\000P\000a\000r\000t\000i\000e\000\040\000I\000I\000\040\000:\000\040\000M\000a\000t\000\351\000r\000i\000e\000l\000\040\000e\000t\000\040\000E\000x\000p\000\351\000r\000i\000m\000e\000n\000t\000a\000t\000i\000o\000n}{}% 19
\BOOKMARK [1][-]{section.2.1}{\376\377\000P\000l\000a\000t\000e\000f\000o\000r\000m\000e\000\040\000R\000o\000b\000o\000t\000i\000q\000u\000e\000\040\000:\000\040\000B\000l\000u\000e\000R\000O\000V\000\040\000H\000e\000a\000v\000y}{chapter.2}% 20
\BOOKMARK [1][-]{section.2.2}{\376\377\000C\000a\000p\000t\000e\000u\000r\000\040\000d\000e\000\040\000P\000e\000r\000c\000e\000p\000t\000i\000o\000n\000\040\000:\000\040\000S\000o\000n\000a\000r\000\040\000O\000c\000u\000l\000u\000s\000\040\000M\0007\0005\0000\000d}{chapter.2}% 21
\BOOKMARK [1][-]{section.2.3}{\376\377\000P\000r\000o\000t\000o\000c\000o\000l\000e\000\040\000E\000x\000p\000\351\000r\000i\000m\000e\000n\000t\000a\000l\000\040\000e\000n\000\040\000B\000a\000s\000s\000i\000n}{chapter.2}% 22
\BOOKMARK [1][-]{section.2.4}{\376\377\000C\000a\000m\000p\000a\000g\000n\000e\000\040\000d\000'\000E\000s\000s\000a\000i\000s\000\040\000:\000\040\000L\000a\000c\000\040\000d\000e\000\040\000G\000u\000e\000r\000l\000\351\000d\000a\000n}{chapter.2}% 23
\BOOKMARK [1][-]{section.2.5}{\376\377\000A\000n\000a\000l\000y\000s\000e\000\040\000d\000e\000s\000\040\000R\000\351\000s\000u\000l\000t\000a\000t\000s\000\040\000E\000x\000p\000\351\000r\000i\000m\000e\000n\000t\000a\000u\000x}{chapter.2}% 24
\BOOKMARK [1][-]{section.2.6}{\376\377\000M\000a\000t\000\351\000r\000i\000e\000l}{chapter.2}% 25
\BOOKMARK [1][-]{section.2.7}{\376\377\000C\000o\000n\000t\000r\000\364\000l\000e\000\040\000d\000u\000\040\000R\000o\000b\000o\000t}{chapter.2}% 26
\BOOKMARK [1][-]{section.2.8}{\376\377\000A\000\040\000f\000a\000i\000r\000e}{chapter.2}% 27
\BOOKMARK [0][-]{chapter*.8}{\376\377\000C\000o\000n\000c\000l\000u\000s\000i\000o\000n}{}% 28
\BOOKMARK [1][-]{section.2.9}{\376\377\000C\000o\000n\000c\000l\000u\000s\000i\000o\000n\000\040\000G\000\351\000n\000\351\000r\000a\000l\000e}{chapter*.8}% 29
\BOOKMARK [2][-]{subsection.2.9.1}{\376\377\000S\000y\000n\000t\000h\000\350\000s\000e\000\040\000d\000e\000s\000\040\000R\000\351\000a\000l\000i\000s\000a\000t\000i\000o\000n\000s}{section.2.9}% 30
\BOOKMARK [2][-]{subsection.2.9.2}{\376\377\000L\000i\000m\000i\000t\000e\000s\000\040\000e\000t\000\040\000P\000e\000r\000s\000p\000e\000c\000t\000i\000v\000e\000s}{section.2.9}% 31
